#
# A fatal error has been detected by the Java Runtime Environment:
#
#  EXCEPTION_ACCESS_VIOLATION (0xc0000005) at pc=0x00007ff8f3ce3b80, pid=16932, tid=0x0000000000008010
#
# JRE version: OpenJDK Runtime Environment (8.0_302-b08) (build 1.8.0_302-b08)
# Java VM: OpenJDK 64-Bit Server VM (25.302-b08 mixed mode windows-amd64 compressed oops)
# Problematic frame:
# C  [cublas64_11.dll+0x313b80]
#
# Failed to write core dump. Minidumps are not enabled by default on client versions of Windows
#
# If you would like to submit a bug report, please visit:
#   https://github.com/adoptium/adoptium-support/issues
# The crash happened outside the Java Virtual Machine in native code.
# See problematic frame for where to report the bug.
#

---------------  T H R E A D  ---------------

Current thread (0x000001f9495c9000):  JavaThread "main" [_thread_in_native, id=32784, stack(0x00000071bc900000,0x00000071bca00000)]

siginfo: ExceptionCode=0xc0000005, reading address 0x0000000000000000

Registers:
RAX=0x0000000000000000, RBX=0x0000000000000044, RCX=0x000001f96d0505b8, RDX=0x0000000000000000
RSP=0x00000071bc9fe400, RBP=0x00000071bc9fe5a0, RSI=0x000001f96d0505b0, RDI=0x000001f96d050500
R8 =0x0000000000000000, R9 =0x0000000000000001, R10=0x0000000000000000, R11=0x0000000000000040
R12=0x0000000000000000, R13=0x0000000202600000, R14=0x0000000000000000, R15=0x000000021e600000
RIP=0x00007ff8f3ce3b80, EFLAGS=0x0000000000010202

Top of Stack: (sp=0x00000071bc9fe400)
0x00000071bc9fe400:   000001f96d050480 0000000000000000
0x00000071bc9fe410:   00007ff8f39d261a 00007ff8f39d2401
0x00000071bc9fe420:   0000000000000000 00007ff8f3ce2992
0x00000071bc9fe430:   00001ef03636faf8 000001f96d050480
0x00000071bc9fe440:   000001f96d0500f8 000001f96d050500
0x00000071bc9fe450:   000001f96d050500 00007ff8f39d2ae6
0x00000071bc9fe460:   0000000000000044 00000071bc9fe5a0
0x00000071bc9fe470:   0000000000000044 0000000000000000
0x00000071bc9fe480:   fffffffffffffffe 00007ff8f39d2abc
0x00000071bc9fe490:   000001f96d050500 00007ff8f3cc15ca
0x00000071bc9fe4a0:   0000000000000044 00000071bc9fe5a0
0x00000071bc9fe4b0:   000001f96d050480 00007ff97b9d8880
0x00000071bc9fe4c0:   000000071b7e8ea0 0000000000000001
0x00000071bc9fe4d0:   0000000000000000 00000071bc9fe4c8
0x00000071bc9fe4e0:   000001f96d0675d8 00000071bc9fe570
0x00000071bc9fe4f0:   000001f96d0fe338 0000000000000000 

Instructions: (pc=0x00007ff8f3ce3b80)
0x00007ff8f3ce3b60:   e9 f3 00 00 00 4d 85 f6 75 24 ff 15 a8 46 04 00
0x00007ff8f3ce3b70:   39 46 48 0f 84 9d 00 00 00 48 8d 4e 08 48 8b 01
0x00007ff8f3ce3b80:   48 8b 00 ff 15 9f 4a 04 00 e9 88 00 00 00 48 83
0x00007ff8f3ce3b90:   3a 00 7c 62 75 06 83 7a 08 00 7e 5a ba 01 00 00 


Register to memory mapping:

RAX=0x0000000000000000 is an unknown value
RBX=0x0000000000000044 is an unknown value
RCX=0x000001f96d0505b8 is pointing into metadata
RDX=0x0000000000000000 is an unknown value
RSP=0x00000071bc9fe400 is pointing into the stack for thread: 0x000001f9495c9000
RBP=0x00000071bc9fe5a0 is pointing into the stack for thread: 0x000001f9495c9000
RSI=0x000001f96d0505b0 is pointing into metadata
RDI=0x000001f96d050500 is pointing into metadata
R8 =0x0000000000000000 is an unknown value
R9 =0x0000000000000001 is an unknown value
R10=0x0000000000000000 is an unknown value
R11=0x0000000000000040 is an unknown value
R12=0x0000000000000000 is an unknown value
R13=0x0000000202600000 is an unknown value
R14=0x0000000000000000 is an unknown value
R15=0x000000021e600000 is an unknown value


Stack: [0x00000071bc900000,0x00000071bca00000],  sp=0x00000071bc9fe400,  free space=1017k
Native frames: (J=compiled Java code, j=interpreted, Vv=VM code, C=native code)
C  [cublas64_11.dll+0x313b80]
C  [cublas64_11.dll+0x2ae6]
C  [cublas64_11.dll+0x2f15ca]
C  [cublas64_11.dll+0x2f1bfe]
C  [cublas64_11.dll+0xfd6a4]
C  [cublas64_11.dll+0xfde41]
C  [JCublas2-11.7.0-windows-x86_64.dll+0x18b2f]
C  0x000001f94b399c8e

Java frames: (J=compiled Java code, j=interpreted, Vv=VM code)
j  jcuda.jcublas.JCublas2.cublasSgemmNative(Ljcuda/jcublas/cublasHandle;IIIIILjcuda/Pointer;Ljcuda/Pointer;ILjcuda/Pointer;ILjcuda/Pointer;Ljcuda/Pointer;I)I+0
j  jcuda.jcublas.JCublas2.cublasSgemm(Ljcuda/jcublas/cublasHandle;IIIIILjcuda/Pointer;Ljcuda/Pointer;ILjcuda/Pointer;ILjcuda/Pointer;Ljcuda/Pointer;I)I+24
j  com.omega.engine.gpu.GPUOP.multiplyFloat(IIILjcuda/Pointer;Ljcuda/Pointer;Ljcuda/Pointer;IIFF)V+76
j  com.omega.engine.nn.layer.FullyLayer.output()V+47
j  com.omega.engine.nn.layer.FullyLayer.forward()V+9
j  com.omega.engine.nn.network.RNN.forward(Lcom/omega/common/data/Tensor;)Lcom/omega/common/data/Tensor;+25
j  com.omega.engine.optimizer.MBSGDOptimizer.trainRNN(Lcom/omega/rnn/data/RNNDataLoader;)V+185
j  com.omega.rnn.test.CharRNN.charRNN2()V+189
j  com.omega.rnn.test.CharRNN.main([Ljava/lang/String;)V+12
v  ~StubRoutines::call_stub

---------------  P R O C E S S  ---------------

Java Threads: ( => current thread )
  0x000001f96f93b000 JavaThread "Service Thread" daemon [_thread_blocked, id=34212, stack(0x00000071bdb00000,0x00000071bdc00000)]
  0x000001f96f90c000 JavaThread "C1 CompilerThread3" daemon [_thread_blocked, id=33636, stack(0x00000071bda00000,0x00000071bdb00000)]
  0x000001f96f90a000 JavaThread "C2 CompilerThread2" daemon [_thread_blocked, id=34160, stack(0x00000071bd900000,0x00000071bda00000)]
  0x000001f96f905000 JavaThread "C2 CompilerThread1" daemon [_thread_blocked, id=34712, stack(0x00000071bd800000,0x00000071bd900000)]
  0x000001f96f901800 JavaThread "C2 CompilerThread0" daemon [_thread_blocked, id=6496, stack(0x00000071bd700000,0x00000071bd800000)]
  0x000001f96f8fd800 JavaThread "Attach Listener" daemon [_thread_blocked, id=3700, stack(0x00000071bd600000,0x00000071bd700000)]
  0x000001f96dce0000 JavaThread "Signal Dispatcher" daemon [_thread_blocked, id=14244, stack(0x00000071bd500000,0x00000071bd600000)]
  0x000001f94966c000 JavaThread "Finalizer" daemon [_thread_blocked, id=33536, stack(0x00000071bd400000,0x00000071bd500000)]
  0x000001f96dca6000 JavaThread "Reference Handler" daemon [_thread_blocked, id=34652, stack(0x00000071bd300000,0x00000071bd400000)]
=>0x000001f9495c9000 JavaThread "main" [_thread_in_native, id=32784, stack(0x00000071bc900000,0x00000071bca00000)]

Other Threads:
  0x000001f96dc80800 VMThread [stack: 0x00000071bd200000,0x00000071bd300000] [id=30728]
  0x000001f96f93c000 WatcherThread [stack: 0x00000071bdc00000,0x00000071bdd00000] [id=34192]

VM state:not at safepoint (normal execution)

VM Mutex/Monitor currently owned by a thread: None

heap address: 0x00000005c2e00000, size: 8146 MB, Compressed Oops mode: Zero based, Oop shift amount: 3
Narrow klass base: 0x0000000000000000, Narrow klass shift: 3
Compressed class space size: 1073741824 Address: 0x00000007c0000000

Heap:
 PSYoungGen      total 152576K, used 128392K [0x0000000716500000, 0x0000000720f00000, 0x00000007c0000000)
  eden space 131072K, 97% used [0x0000000716500000,0x000000071e262180,0x000000071e500000)
  from space 21504K, 0% used [0x000000071fa00000,0x000000071fa00000,0x0000000720f00000)
  to   space 21504K, 0% used [0x000000071e500000,0x000000071e500000,0x000000071fa00000)
 ParOldGen       total 348160K, used 73728K [0x00000005c2e00000, 0x00000005d8200000, 0x0000000716500000)
  object space 348160K, 21% used [0x00000005c2e00000,0x00000005c7600010,0x00000005d8200000)
 Metaspace       used 5398K, capacity 5834K, committed 6016K, reserved 1056768K
  class space    used 519K, capacity 562K, committed 640K, reserved 1048576K

Card table byte_map: [0x000001f95a740000,0x000001f95b730000] byte_map_base: 0x000001f957929000

Marking Bits: (ParMarkBitMap*) 0x00000000599ec820
 Begin Bits: [0x000001f95c1d0000, 0x000001f964118000)
 End Bits:   [0x000001f964118000, 0x000001f96c060000)

Polling page: 0x000001f949770000

CodeCache: size=245760Kb used=2427Kb max_used=2427Kb free=243332Kb
 bounds [0x000001f94b380000, 0x000001f94b5f0000, 0x000001f95a380000]
 total_blobs=876 nmethods=390 adapters=399
 compilation: enabled

Compilation events (10 events):
Event: 0.993 Thread 0x000001f96f905000 nmethod 385 0x000001f94b5c78d0 code [0x000001f94b5c7a00, 0x000001f94b5c7a98]
Event: 1.380 Thread 0x000001f96f90c000  386   !   3       java.lang.ClassLoader::loadLibrary0 (407 bytes)
Event: 1.383 Thread 0x000001f96f90c000 nmethod 386 0x000001f94b5d1d50 code [0x000001f94b5d2460, 0x000001f94b5d7ec0]
Event: 1.383 Thread 0x000001f96f90c000  388       3       java.io.File::<init> (113 bytes)
Event: 1.383 Thread 0x000001f96f90c000 nmethod 388 0x000001f94b5dc3d0 code [0x000001f94b5dc640, 0x000001f94b5dd3e0]
Event: 1.383 Thread 0x000001f96f90c000  387       3       java.io.File::getName (42 bytes)
Event: 1.383 Thread 0x000001f96f90c000 nmethod 387 0x000001f94b5dda10 code [0x000001f94b5ddba0, 0x000001f94b5de090]
Event: 1.384 Thread 0x000001f96f90c000  389       3       java.net.URLStreamHandler::setURL (73 bytes)
Event: 1.384 Thread 0x000001f96f90c000 nmethod 389 0x000001f94b5de250 code [0x000001f94b5de480, 0x000001f94b5df3c0]
Event: 1.384 Thread 0x000001f96f90c000  390   !   3       java.net.URL::set (114 bytes)

GC Heap History (0 events):
No events

Deoptimization events (10 events):
Event: 0.325 Thread 0x000001f9495c9000 Uncommon trap: reason=unstable_if action=reinterpret pc=0x000001f94b514ff4 method=java.io.WinNTFileSystem.normalize(Ljava/lang/String;)Ljava/lang/String; @ 128
Event: 0.373 Thread 0x000001f9495c9000 Uncommon trap: reason=unstable_if action=reinterpret pc=0x000001f94b5713a0 method=com.omega.common.utils.MathUtils.randomInts(II)[[I @ 66
Event: 0.376 Thread 0x000001f9495c9000 Uncommon trap: reason=unstable_if action=reinterpret pc=0x000001f94b5794ac method=java.util.Random.nextInt(I)I @ 28
Event: 0.399 Thread 0x000001f9495c9000 Uncommon trap: reason=unstable_if action=reinterpret pc=0x000001f94b57d3c4 method=java.util.Collections.shuffle(Ljava/util/List;Ljava/util/Random;)V @ 23
Event: 0.417 Thread 0x000001f9495c9000 Uncommon trap: reason=unstable_if action=reinterpret pc=0x000001f94b580458 method=com.omega.common.utils.MathUtils.randomInts(II)[[I @ 94
Event: 0.419 Thread 0x000001f9495c9000 Uncommon trap: reason=unstable_if action=reinterpret pc=0x000001f94b587318 method=com.omega.common.data.Tensor.clear()V @ 20
Event: 0.459 Thread 0x000001f9495c9000 Uncommon trap: reason=unstable_if action=reinterpret pc=0x000001f94b55fb64 method=sun.misc.URLClassPath.getLoader(I)Lsun/misc/URLClassPath$Loader; @ 36
Event: 0.459 Thread 0x000001f9495c9000 Uncommon trap: reason=unstable_if action=reinterpret pc=0x000001f94b507e4c method=sun.misc.URLClassPath.getLoader(I)Lsun/misc/URLClassPath$Loader; @ 36
Event: 0.951 Thread 0x000001f9495c9000 Uncommon trap: reason=unloaded action=reinterpret pc=0x000001f94b50b030 method=sun.misc.URLClassPath$JarLoader.ensureOpen()V @ 26
Event: 0.993 Thread 0x000001f9495c9000 Uncommon trap: reason=unstable_if action=reinterpret pc=0x000001f94b5c7df4 method=java.util.Arrays.fill([FF)V @ 7

Classes redefined (0 events):
No events

Internal exceptions (7 events):
Event: 0.022 Thread 0x000001f9495c9000 Exception <a 'java/lang/NoSuchMethodError': Method sun.misc.Unsafe.defineClass(Ljava/lang/String;[BII)Ljava/lang/Class; name or signature does not match> (0x0000000716507cc0) thrown at [J:\jenkins\tmp\workspace\build\src\hotspot\src\share\vm\prims\jni.cpp
Event: 0.022 Thread 0x000001f9495c9000 Exception <a 'java/lang/NoSuchMethodError': Method sun.misc.Unsafe.prefetchRead(Ljava/lang/Object;J)V name or signature does not match> (0x0000000716507fa8) thrown at [J:\jenkins\tmp\workspace\build\src\hotspot\src\share\vm\prims\jni.cpp, line 4014]
Event: 0.308 Thread 0x000001f9495c9000 Implicit null exception at 0x000001f94b548c0c to 0x000001f94b549355
Event: 0.951 Thread 0x000001f9495c9000 Exception <a 'java/security/PrivilegedActionException'> (0x000000071b6e8160) thrown at [J:\jenkins\tmp\workspace\build\src\hotspot\src\share\vm\prims\jvm.cpp, line 1523]
Event: 0.952 Thread 0x000001f9495c9000 Exception <a 'java/security/PrivilegedActionException'> (0x000000071b6e8558) thrown at [J:\jenkins\tmp\workspace\build\src\hotspot\src\share\vm\prims\jvm.cpp, line 1523]
Event: 0.952 Thread 0x000001f9495c9000 Exception <a 'java/security/PrivilegedActionException'> (0x000000071b6eda90) thrown at [J:\jenkins\tmp\workspace\build\src\hotspot\src\share\vm\prims\jvm.cpp, line 1523]
Event: 0.952 Thread 0x000001f9495c9000 Exception <a 'java/security/PrivilegedActionException'> (0x000000071b6ede88) thrown at [J:\jenkins\tmp\workspace\build\src\hotspot\src\share\vm\prims\jvm.cpp, line 1523]

Events (10 events):
Event: 1.375 loading class com/omega/engine/gpu/GPUOP
Event: 1.375 loading class com/omega/engine/gpu/GPUOP done
Event: 1.376 loading class jcuda/jcublas/cublasHandle
Event: 1.376 loading class jcuda/jcublas/cublasHandle done
Event: 1.377 loading class jcuda/jcublas/JCublas2
Event: 1.377 loading class jcuda/jcublas/JCublas2 done
Event: 1.384 loading class jcuda/cuComplex
Event: 1.384 loading class jcuda/cuComplex done
Event: 1.384 loading class jcuda/cuDoubleComplex
Event: 1.384 loading class jcuda/cuDoubleComplex done


Dynamic libraries:
0x00007ff792f60000 - 0x00007ff792f9a000 	C:\Program Files\Eclipse Foundation\jdk-8.0.302.8-hotspot\bin\javaw.exe
0x00007ff9ad1f0000 - 0x00007ff9ad3e8000 	C:\WINDOWS\SYSTEM32\ntdll.dll
0x00007ff9ab960000 - 0x00007ff9aba1d000 	C:\WINDOWS\System32\KERNEL32.DLL
0x00007ff9aa9a0000 - 0x00007ff9aac96000 	C:\WINDOWS\System32\KERNELBASE.dll
0x00007ff9ac3e0000 - 0x00007ff9ac48f000 	C:\WINDOWS\System32\ADVAPI32.dll
0x00007ff9ac9a0000 - 0x00007ff9aca3e000 	C:\WINDOWS\System32\msvcrt.dll
0x00007ff9ac5a0000 - 0x00007ff9ac63c000 	C:\WINDOWS\System32\sechost.dll
0x00007ff9acc80000 - 0x00007ff9acda6000 	C:\WINDOWS\System32\RPCRT4.dll
0x00007ff9aca50000 - 0x00007ff9acbee000 	C:\WINDOWS\System32\USER32.dll
0x00007ff9aa8d0000 - 0x00007ff9aa8f2000 	C:\WINDOWS\System32\win32u.dll
0x00007ff9ac290000 - 0x00007ff9ac2bc000 	C:\WINDOWS\System32\GDI32.dll
0x00007ff9aaef0000 - 0x00007ff9ab00a000 	C:\WINDOWS\System32\gdi32full.dll
0x00007ff9aa900000 - 0x00007ff9aa99d000 	C:\WINDOWS\System32\msvcp_win.dll
0x00007ff9aaca0000 - 0x00007ff9aada0000 	C:\WINDOWS\System32\ucrtbase.dll
0x00007ff98f130000 - 0x00007ff98f3ca000 	C:\WINDOWS\WinSxS\amd64_microsoft.windows.common-controls_6595b64144ccf1df_6.0.19041.3636_none_60b6a03d71f818d5\COMCTL32.dll
0x00007ff9acc50000 - 0x00007ff9acc80000 	C:\WINDOWS\System32\IMM32.DLL
0x00007ff99c7e0000 - 0x00007ff99c8cf000 	C:\Program Files\Eclipse Foundation\jdk-8.0.302.8-hotspot\jre\bin\msvcr120.dll
0x00007ff99c730000 - 0x00007ff99c7d6000 	C:\Program Files\Eclipse Foundation\jdk-8.0.302.8-hotspot\jre\bin\msvcp120.dll
0x0000000059200000 - 0x0000000059a6b000 	C:\Program Files\Eclipse Foundation\jdk-8.0.302.8-hotspot\jre\bin\server\jvm.dll
0x00007ff9ab260000 - 0x00007ff9ab268000 	C:\WINDOWS\System32\PSAPI.DLL
0x00007ff999360000 - 0x00007ff999369000 	C:\WINDOWS\SYSTEM32\WSOCK32.dll
0x00007ff9a0c40000 - 0x00007ff9a0c67000 	C:\WINDOWS\SYSTEM32\WINMM.dll
0x00007ff9a3c50000 - 0x00007ff9a3c5a000 	C:\WINDOWS\SYSTEM32\VERSION.dll
0x00007ff9abab0000 - 0x00007ff9abb1b000 	C:\WINDOWS\System32\WS2_32.dll
0x00007ff9a6450000 - 0x00007ff9a645f000 	C:\Program Files\Eclipse Foundation\jdk-8.0.302.8-hotspot\jre\bin\verify.dll
0x00007ff9a63d0000 - 0x00007ff9a63f9000 	C:\Program Files\Eclipse Foundation\jdk-8.0.302.8-hotspot\jre\bin\java.dll
0x00007ff9a6360000 - 0x00007ff9a6376000 	C:\Program Files\Eclipse Foundation\jdk-8.0.302.8-hotspot\jre\bin\zip.dll
0x00007ff9abb40000 - 0x00007ff9ac284000 	C:\WINDOWS\System32\SHELL32.dll
0x00007ff9a89b0000 - 0x00007ff9a914b000 	C:\WINDOWS\SYSTEM32\windows.storage.dll
0x00007ff9ac640000 - 0x00007ff9ac994000 	C:\WINDOWS\System32\combase.dll
0x00007ff9aa310000 - 0x00007ff9aa33d000 	C:\WINDOWS\SYSTEM32\Wldp.dll
0x00007ff9ac490000 - 0x00007ff9ac53d000 	C:\WINDOWS\System32\SHCORE.dll
0x00007ff9ace30000 - 0x00007ff9ace85000 	C:\WINDOWS\System32\shlwapi.dll
0x00007ff9aa800000 - 0x00007ff9aa825000 	C:\WINDOWS\SYSTEM32\profapi.dll
0x00007ff99a0b0000 - 0x00007ff99a121000 	C:\Users\Administrator\AppData\Local\Temp\JCudaDriver-11.7.0-windows-x86_64.dll
0x00007ff94af70000 - 0x00007ff94b29f000 	C:\WINDOWS\SYSTEM32\nvcuda.dll
0x00007ff914390000 - 0x00007ff9160b9000 	C:\WINDOWS\system32\DriverStore\FileRepository\nvddig.inf_amd64_a95f407950128917\nvcuda64.dll
0x00007ff9aa4a0000 - 0x00007ff9aa4b2000 	C:\WINDOWS\SYSTEM32\msasn1.dll
0x00007ff9a0e10000 - 0x00007ff9a0e41000 	C:\WINDOWS\SYSTEM32\cryptnet.dll
0x00007ff9ab010000 - 0x00007ff9ab16d000 	C:\WINDOWS\System32\CRYPT32.dll
0x00007ff9a0c70000 - 0x00007ff9a0db8000 	C:\WINDOWS\SYSTEM32\drvstore.dll
0x00007ff9aa660000 - 0x00007ff9aa693000 	C:\WINDOWS\SYSTEM32\devobj.dll
0x00007ff9aae30000 - 0x00007ff9aae7e000 	C:\WINDOWS\System32\cfgmgr32.dll
0x00007ff9aa280000 - 0x00007ff9aa28c000 	C:\WINDOWS\SYSTEM32\cryptbase.dll
0x00007ff992570000 - 0x00007ff992cdf000 	C:\WINDOWS\SYSTEM32\nvapi64.dll
0x00007ff9ab340000 - 0x00007ff9ab7ae000 	C:\WINDOWS\System32\SETUPAPI.dll
0x00007ff9ab170000 - 0x00007ff9ab197000 	C:\WINDOWS\System32\bcrypt.dll
0x00007ff9a87b0000 - 0x00007ff9a87c2000 	C:\WINDOWS\SYSTEM32\kernel.appcore.dll
0x00007ff984560000 - 0x00007ff9845da000 	C:\Users\Administrator\AppData\Local\Temp\JCudaRuntime-11.7.0-windows-x86_64.dll
0x00007ff99bfe0000 - 0x00007ff99c032000 	C:\Users\Administrator\AppData\Local\Temp\JCudnn-11.7.0-windows-x86_64.dll
0x00007ff99b460000 - 0x00007ff99b4ab000 	D:\CUDA1.7\bin\cudnn64_8.dll
0x00007ff90e770000 - 0x00007ff91438e000 	D:\CUDA1.7\bin\cudnn_ops_infer64_8.dll
0x00007ff8fc380000 - 0x00007ff90e770000 	D:\CUDA1.7\bin\cublasLt64_11.dll
0x00007ff8f39d0000 - 0x00007ff8fc374000 	D:\CUDA1.7\bin\cublas64_11.dll
0x00007ff8ebd20000 - 0x00007ff8f39c5000 	D:\CUDA1.7\bin\cudnn_adv_infer64_8.dll
0x00007ff8d85e0000 - 0x00007ff8dfa3c000 	D:\CUDA1.7\bin\cudnn_adv_train64_8.dll
0x00007ff8d3ec0000 - 0x00007ff8d85d7000 	D:\CUDA1.7\bin\cudnn_ops_train64_8.dll
0x00007ff97b9c0000 - 0x00007ff97ba54000 	C:\Users\Administrator\AppData\Local\Temp\JCublas2-11.7.0-windows-x86_64.dll
0x00007ff990140000 - 0x00007ff990324000 	C:\WINDOWS\SYSTEM32\dbghelp.dll
0x00007ff9aada0000 - 0x00007ff9aae22000 	C:\WINDOWS\System32\bcryptPrimitives.dll

VM Arguments:
jvm_args: -Dfile.encoding=UTF-8 
java_command: com.omega.rnn.test.CharRNN
java_class_path (initial): H:\omega-new\omega-ai\omega-engine-v4-gpu\target\classes;I:\maven\libs\org\springframework\boot\spring-boot-starter-web\2.1.9.RELEASE\spring-boot-starter-web-2.1.9.RELEASE.jar;I:\maven\libs\org\springframework\boot\spring-boot-starter\2.1.9.RELEASE\spring-boot-starter-2.1.9.RELEASE.jar;I:\maven\libs\org\springframework\boot\spring-boot\2.1.9.RELEASE\spring-boot-2.1.9.RELEASE.jar;I:\maven\libs\org\springframework\boot\spring-boot-autoconfigure\2.1.9.RELEASE\spring-boot-autoconfigure-2.1.9.RELEASE.jar;I:\maven\libs\org\springframework\boot\spring-boot-starter-logging\2.1.9.RELEASE\spring-boot-starter-logging-2.1.9.RELEASE.jar;I:\maven\libs\ch\qos\logback\logback-classic\1.2.3\logback-classic-1.2.3.jar;I:\maven\libs\ch\qos\logback\logback-core\1.2.3\logback-core-1.2.3.jar;I:\maven\libs\org\slf4j\jul-to-slf4j\1.7.28\jul-to-slf4j-1.7.28.jar;I:\maven\libs\javax\annotation\javax.annotation-api\1.3.2\javax.annotation-api-1.3.2.jar;I:\maven\libs\org\yaml\snakeyaml\1.23\snakeyaml-1.23.jar;I:\maven\libs\org\springframework\boot\spring-boot-starter-json\2.1.9.RELEASE\spring-boot-starter-json-2.1.9.RELEASE.jar;I:\maven\libs\com\fasterxml\jackson\core\jackson-databind\2.9.9.3\jackson-databind-2.9.9.3.jar;I:\maven\libs\com\fasterxml\jackson\datatype\jackson-datatype-jdk8\2.9.9\jackson-datatype-jdk8-2.9.9.jar;I:\maven\libs\com\fasterxml\jackson\datatype\jackson-datatype-jsr310\2.9.9\jackson-datatype-jsr310-2.9.9.jar;I:\maven\libs\com\fasterxml\jackson\module\jackson-module-parameter-names\2.9.9\jackson-module-parameter-names-2.9.9.jar;I:\maven\libs\org\springframework\boot\spring-boot-starter-tomcat\2.1.9.RELEASE\spring-boot-starter-tomcat-2.1.9.RELEASE.jar;I:\maven\libs\org\apache\tomcat\embed\tomcat-embed-core\9.0.26\tomcat-embed-core-9.0.26.jar;I:\maven\libs\org\apache\tomcat\embed\tomcat-embed-el\9.0.26\tomcat-embed-el-9.0.26.jar;I:\maven\libs\org\apache\tomcat\embed\tomcat-embed-websocket\9.0.26\tomcat-embed-websocket-9.0.26.jar;I:\maven\libs\org\h
Launcher Type: SUN_STANDARD

Environment Variables:
JAVA_HOME=C:\Program Files\Java\jdk1.8.0_231
CLASSPATH=.;C:\Program Files\Java\jdk1.8.0_231\lib;C:\Program Files\Java\jdk1.8.0_231\lib\tools.jar
USERNAME=Administrator
OS=Windows_NT
PROCESSOR_IDENTIFIER=Intel64 Family 6 Model 158 Stepping 13, GenuineIntel



---------------  S Y S T E M  ---------------

OS: Windows 10.0 , 64 bit Build 19041 (10.0.19041.3636)

CPU:total 8 (initial active 8) (8 cores per cpu, 1 threads per core) family 6 model 158 stepping 13, cmov, cx8, fxsr, mmx, sse, sse2, sse3, ssse3, sse4.1, sse4.2, popcnt, avx, avx2, aes, clmul, erms, 3dnowpref, lzcnt, tsc, tscinvbit, bmi1, bmi2, adx

Memory: 4k page, physical 33363868k(9889820k free), swap 66918300k(22122432k free)

vm_info: OpenJDK 64-Bit Server VM (25.302-b08) for windows-amd64 JRE (1.8.0_302-b08), built on Jul 20 2021 21:31:03 by "jenkins" with MS VC++ 12.0 (VS2013)

time: Thu Dec 07 11:54:27 2023
timezone: ?D1¨˛ˇŔ¨şˇÁ?¨şˇŔ??
elapsed time: 1.399362 seconds (0d 0h 0m 1s)

